<?xml version="1.0" encoding="utf-8"?>
<shfbBuild product="Sandcastle Help File Builder and Tools" version="2017.5.15.0" projectFile="C:\Users\tvass\OneDrive - Sacramento County Office of Education\CNTS-TVASS-WIN\Projects\Galactic\GalacticDocumentation\GalacticDocumentation\GalacticDocumentation.shfbproj" started="7/12/2017 10:15:25 AM">
<buildStep step="Initializing">
Finding tools...
The Sandcastle tools are located in &#39;C:\Program Files (x86)\EWSoftware\Sandcastle Help File Builder\&#39;
Locating components in the following folder(s):
    C:\Users\tvass\OneDrive - Sacramento County Office of Education\CNTS-TVASS-WIN\Projects\Galactic\GalacticDocumentation\GalacticDocumentation
    C:\ProgramData\EWSoftware\Sandcastle Help File Builder\Components and Plug-Ins\
    C:\Program Files (x86)\EWSoftware\Sandcastle Help File Builder\
Using framework reflection data for &#39;.NET Framework 4.5.1&#39; located in &#39;C:\Program Files (x86)\EWSoftware\Sandcastle Help File Builder\Data\.NETFramework&#39;
Using presentation style &#39;VS2013&#39; located in &#39;C:\Program Files (x86)\EWSoftware\Sandcastle Help File Builder\PresentationStyles\VS2013&#39;
Loading and initializing plug-ins...
Lightweight Website Style Version 2017.5.15.0
Copyright &#169; 2006-2017, Eric Woodruff, All Rights Reserved
Portions Copyright &#169; 2014, Sam Harwell, All Rights Reserved
-------------------------------
Clearing any prior web/markdown output...
</buildStep>
<buildStep step="ValidatingDocumentationSources">
Validating and copying documentation source information
Source: C:\Users\tvass\OneDrive - Sacramento County Office of Education\CNTS-TVASS-WIN\Projects\Galactic\SharedLibraries\Release\Galactic\Galactic.ActiveDirectory.xml
Source: C:\Users\tvass\OneDrive - Sacramento County Office of Education\CNTS-TVASS-WIN\Projects\Galactic\SharedLibraries\Release\Galactic\Galactic.Calendar.iCalendar.xml
Source: C:\Users\tvass\OneDrive - Sacramento County Office of Education\CNTS-TVASS-WIN\Projects\Galactic\SharedLibraries\Release\Galactic\Galactic.Calendar.xml
Source: C:\Users\tvass\OneDrive - Sacramento County Office of Education\CNTS-TVASS-WIN\Projects\Galactic\SharedLibraries\Release\Galactic\Galactic.Configuration.xml
Source: C:\Users\tvass\OneDrive - Sacramento County Office of Education\CNTS-TVASS-WIN\Projects\Galactic\SharedLibraries\Release\Galactic\Galactic.Cryptography.xml
Source: C:\Users\tvass\OneDrive - Sacramento County Office of Education\CNTS-TVASS-WIN\Projects\Galactic\SharedLibraries\Release\Galactic\Galactic.EventLog.Sql.xml
Source: C:\Users\tvass\OneDrive - Sacramento County Office of Education\CNTS-TVASS-WIN\Projects\Galactic\SharedLibraries\Release\Galactic\Galactic.EventLog.xml
Source: C:\Users\tvass\OneDrive - Sacramento County Office of Education\CNTS-TVASS-WIN\Projects\Galactic\SharedLibraries\Release\Galactic\Galactic.FileSystem.xml
Source: C:\Users\tvass\OneDrive - Sacramento County Office of Education\CNTS-TVASS-WIN\Projects\Galactic\SharedLibraries\Release\Galactic\Galactic.LDAP.xml
Source: C:\Users\tvass\OneDrive - Sacramento County Office of Education\CNTS-TVASS-WIN\Projects\Galactic\SharedLibraries\Release\Galactic\Galactic.NoSql.Couchbase.xml
Source: C:\Users\tvass\OneDrive - Sacramento County Office of Education\CNTS-TVASS-WIN\Projects\Galactic\SharedLibraries\Release\Galactic\Galactic.NoSql.xml
Source: C:\Users\tvass\OneDrive - Sacramento County Office of Education\CNTS-TVASS-WIN\Projects\Galactic\SharedLibraries\Release\Galactic\Galactic.PowerShell.xml
Source: C:\Users\tvass\OneDrive - Sacramento County Office of Education\CNTS-TVASS-WIN\Projects\Galactic\SharedLibraries\Release\Galactic\Galactic.SharePoint.xml
Source: C:\Users\tvass\OneDrive - Sacramento County Office of Education\CNTS-TVASS-WIN\Projects\Galactic\SharedLibraries\Release\Galactic\Galactic.Sql.MSSql.xml
Source: C:\Users\tvass\OneDrive - Sacramento County Office of Education\CNTS-TVASS-WIN\Projects\Galactic\SharedLibraries\Release\Galactic\Galactic.Sql.Oracle.xml
Source: C:\Users\tvass\OneDrive - Sacramento County Office of Education\CNTS-TVASS-WIN\Projects\Galactic\SharedLibraries\Release\Galactic\Galactic.Sql.xml
Source: C:\Users\tvass\OneDrive - Sacramento County Office of Education\CNTS-TVASS-WIN\Projects\Galactic\Galactic\Galactic.sln
    Found project &#39;C:\Users\tvass\OneDrive - Sacramento County Office of Education\CNTS-TVASS-WIN\Projects\Galactic\Galactic\Galactic.ActiveDirectory\Galactic.ActiveDirectory.csproj&#39;
    Found project &#39;C:\Users\tvass\OneDrive - Sacramento County Office of Education\CNTS-TVASS-WIN\Projects\Galactic\Galactic\Galactic.Calendar\Galactic.Calendar.csproj&#39;
    Found project &#39;C:\Users\tvass\OneDrive - Sacramento County Office of Education\CNTS-TVASS-WIN\Projects\Galactic\Galactic\Galactic.Calendar.iCalendar\Galactic.Calendar.iCalendar.csproj&#39;
    Found project &#39;C:\Users\tvass\OneDrive - Sacramento County Office of Education\CNTS-TVASS-WIN\Projects\Galactic\Galactic\Galactic.Configuration\Galactic.Configuration.csproj&#39;
    Found project &#39;C:\Users\tvass\OneDrive - Sacramento County Office of Education\CNTS-TVASS-WIN\Projects\Galactic\Galactic\Galactic.Cryptography\Galactic.Cryptography.csproj&#39;
    Found project &#39;C:\Users\tvass\OneDrive - Sacramento County Office of Education\CNTS-TVASS-WIN\Projects\Galactic\Galactic\Galactic.EventLog\Galactic.EventLog.csproj&#39;
    Found project &#39;C:\Users\tvass\OneDrive - Sacramento County Office of Education\CNTS-TVASS-WIN\Projects\Galactic\Galactic\Galactic.EventLog.Sql\Galactic.EventLog.Sql.csproj&#39;
    Found project &#39;C:\Users\tvass\OneDrive - Sacramento County Office of Education\CNTS-TVASS-WIN\Projects\Galactic\Galactic\Galactic.FileSystem\Galactic.FileSystem.csproj&#39;
    Found project &#39;C:\Users\tvass\OneDrive - Sacramento County Office of Education\CNTS-TVASS-WIN\Projects\Galactic\Galactic\Galactic.LDAP\Galactic.LDAP.csproj&#39;
    Found project &#39;C:\Users\tvass\OneDrive - Sacramento County Office of Education\CNTS-TVASS-WIN\Projects\Galactic\Galactic\Galactic.NoSql\Galactic.NoSql.csproj&#39;
    Found project &#39;C:\Users\tvass\OneDrive - Sacramento County Office of Education\CNTS-TVASS-WIN\Projects\Galactic\Galactic\Galactic.NoSql.Couchbase\Galactic.NoSql.Couchbase.csproj&#39;
    Found project &#39;C:\Users\tvass\OneDrive - Sacramento County Office of Education\CNTS-TVASS-WIN\Projects\Galactic\Galactic\Galactic.PowerShell\Galactic.PowerShell.csproj&#39;
    Found project &#39;C:\Users\tvass\OneDrive - Sacramento County Office of Education\CNTS-TVASS-WIN\Projects\Galactic\Galactic\Galactic.SharePoint\Galactic.SharePoint.csproj&#39;
    Found project &#39;C:\Users\tvass\OneDrive - Sacramento County Office of Education\CNTS-TVASS-WIN\Projects\Galactic\Galactic\Galactic.Sql\Galactic.Sql.csproj&#39;
    Found project &#39;C:\Users\tvass\OneDrive - Sacramento County Office of Education\CNTS-TVASS-WIN\Projects\Galactic\Galactic\Galactic.Sql.MSSql\Galactic.Sql.MSSql.csproj&#39;
    Found project &#39;C:\Users\tvass\OneDrive - Sacramento County Office of Education\CNTS-TVASS-WIN\Projects\Galactic\Galactic\Galactic.Sql.Oracle\Galactic.Sql.Oracle.csproj&#39;
    Found project &#39;C:\Users\tvass\OneDrive - Sacramento County Office of Education\CNTS-TVASS-WIN\Projects\Galactic\Galactic\Versioning\Versioning.csproj&#39;
    Found project &#39;C:\Users\tvass\OneDrive - Sacramento County Office of Education\CNTS-TVASS-WIN\Projects\Galactic\Galactic\Galactic.NoSql.MongoDB\Galactic.NoSql.MongoDB.csproj&#39;
    Found project &#39;C:\Users\tvass\OneDrive - Sacramento County Office of Education\CNTS-TVASS-WIN\Projects\Galactic\Galactic\Galactic.Web.Security.SimpleMapping\Galactic.Web.Security.SimpleMapping.csproj&#39;
    Found project &#39;C:\Users\tvass\OneDrive - Sacramento County Office of Education\CNTS-TVASS-WIN\Projects\Galactic\Galactic\Galactic.Web.Security.ActiveDirectory\Galactic.Web.Security.ActiveDirectory.csproj&#39;
    Found project &#39;C:\Users\tvass\OneDrive - Sacramento County Office of Education\CNTS-TVASS-WIN\Projects\Galactic\Galactic\Galactic.Web.Security.SimpleActiveDirectory\Galactic.Web.Security.SimpleActiveDirectory.csproj&#39;
Source: C:\Users\tvass\OneDrive - Sacramento County Office of Education\CNTS-TVASS-WIN\Projects\Galactic\SharedLibraries\Release\Galactic\Galactic.NoSql.MongoDB.xml
Source: C:\Users\tvass\OneDrive - Sacramento County Office of Education\CNTS-TVASS-WIN\Projects\Galactic\SharedLibraries\Release\Galactic\Galactic.Web.Security.ActiveDirectory.xml
Source: C:\Users\tvass\OneDrive - Sacramento County Office of Education\CNTS-TVASS-WIN\Projects\Galactic\SharedLibraries\Release\Galactic\Galactic.Web.Security.SimpleMapping.xml
Source: C:\Users\tvass\OneDrive - Sacramento County Office of Education\CNTS-TVASS-WIN\Projects\Galactic\SharedLibraries\Release\Galactic\Galactic.Web.Security.SimpleActiveDirectory.xml

Parsing project files
    Found assembly &#39;C:\Users\tvass\OneDrive - Sacramento County Office of Education\CNTS-TVASS-WIN\Projects\Galactic\Galactic\Galactic.ActiveDirectory\bin\Debug\Galactic.ActiveDirectory.dll&#39;
    Found assembly &#39;C:\Users\tvass\OneDrive - Sacramento County Office of Education\CNTS-TVASS-WIN\Projects\Galactic\Galactic\Galactic.Calendar\bin\Debug\Galactic.Calendar.dll&#39;
    Found assembly &#39;C:\Users\tvass\OneDrive - Sacramento County Office of Education\CNTS-TVASS-WIN\Projects\Galactic\Galactic\Galactic.Calendar.iCalendar\bin\Debug\Galactic.Calendar.iCalendar.dll&#39;
    Found assembly &#39;C:\Users\tvass\OneDrive - Sacramento County Office of Education\CNTS-TVASS-WIN\Projects\Galactic\Galactic\Galactic.Configuration\bin\Debug\Galactic.Configuration.dll&#39;
    Found assembly &#39;C:\Users\tvass\OneDrive - Sacramento County Office of Education\CNTS-TVASS-WIN\Projects\Galactic\Galactic\Galactic.Cryptography\bin\Debug\Galactic.Cryptography.dll&#39;
    Found assembly &#39;C:\Users\tvass\OneDrive - Sacramento County Office of Education\CNTS-TVASS-WIN\Projects\Galactic\Galactic\Galactic.EventLog\bin\Debug\Galactic.EventLog.dll&#39;
    Found assembly &#39;C:\Users\tvass\OneDrive - Sacramento County Office of Education\CNTS-TVASS-WIN\Projects\Galactic\Galactic\Galactic.EventLog.Sql\bin\Debug\Galactic.EventLog.Sql.dll&#39;
    Found assembly &#39;C:\Users\tvass\OneDrive - Sacramento County Office of Education\CNTS-TVASS-WIN\Projects\Galactic\Galactic\Galactic.FileSystem\bin\Debug\Galactic.FileSystem.dll&#39;
    Found assembly &#39;C:\Users\tvass\OneDrive - Sacramento County Office of Education\CNTS-TVASS-WIN\Projects\Galactic\Galactic\Galactic.LDAP\bin\Debug\Galactic.LDAP.dll&#39;
    Found assembly &#39;C:\Users\tvass\OneDrive - Sacramento County Office of Education\CNTS-TVASS-WIN\Projects\Galactic\Galactic\Galactic.NoSql\bin\Debug\Galactic.NoSql.dll&#39;
    Found assembly &#39;C:\Users\tvass\OneDrive - Sacramento County Office of Education\CNTS-TVASS-WIN\Projects\Galactic\Galactic\Galactic.NoSql.Couchbase\bin\Debug\Galactic.NoSql.Couchbase.dll&#39;
    Found assembly &#39;C:\Users\tvass\OneDrive - Sacramento County Office of Education\CNTS-TVASS-WIN\Projects\Galactic\Galactic\Galactic.PowerShell\bin\Debug\Galactic.PowerShell.dll&#39;
    Found assembly &#39;C:\Users\tvass\OneDrive - Sacramento County Office of Education\CNTS-TVASS-WIN\Projects\Galactic\Galactic\Galactic.SharePoint\bin\Debug\Galactic.SharePoint.dll&#39;
    Found assembly &#39;C:\Users\tvass\OneDrive - Sacramento County Office of Education\CNTS-TVASS-WIN\Projects\Galactic\Galactic\Galactic.Sql\bin\Debug\Galactic.Sql.dll&#39;
    Found assembly &#39;C:\Users\tvass\OneDrive - Sacramento County Office of Education\CNTS-TVASS-WIN\Projects\Galactic\Galactic\Galactic.Sql.MSSql\bin\Debug\Galactic.Sql.MSSql.dll&#39;
    Found assembly &#39;C:\Users\tvass\OneDrive - Sacramento County Office of Education\CNTS-TVASS-WIN\Projects\Galactic\Galactic\Galactic.Sql.Oracle\bin\Debug\Galactic.Sql.Oracle.dll&#39;
    Found assembly &#39;C:\Users\tvass\OneDrive - Sacramento County Office of Education\CNTS-TVASS-WIN\Projects\Galactic\Galactic\Versioning\bin\Debug\Versioning.dll&#39;
    Found assembly &#39;C:\Users\tvass\OneDrive - Sacramento County Office of Education\CNTS-TVASS-WIN\Projects\Galactic\Galactic\Galactic.NoSql.MongoDB\bin\Debug\Galactic.NoSql.MongoDB.dll&#39;
    Found assembly &#39;C:\Users\tvass\OneDrive - Sacramento County Office of Education\CNTS-TVASS-WIN\Projects\Galactic\Galactic\Galactic.Web.Security.SimpleMapping\bin\Debug\Galactic.Web.Security.SimpleMapping.dll&#39;
    Found assembly &#39;C:\Users\tvass\OneDrive - Sacramento County Office of Education\CNTS-TVASS-WIN\Projects\Galactic\Galactic\Galactic.Web.Security.ActiveDirectory\bin\Debug\Galactic.Web.Security.ActiveDirectory.dll&#39;
    Found assembly &#39;C:\Users\tvass\OneDrive - Sacramento County Office of Education\CNTS-TVASS-WIN\Projects\Galactic\Galactic\Galactic.Web.Security.SimpleActiveDirectory\bin\Debug\Galactic.Web.Security.SimpleActiveDirectory.dll&#39;

References to include (excluding framework assemblies):
    Couchbase, Version=1.3.10.0, Culture=neutral, PublicKeyToken=05e9c6b5a9ec94c2, processorArchitecture=MSIL
    DDay.iCal
    DnDns
    Enyim.Caching, Version=1.3.10.0, Culture=neutral, PublicKeyToken=05e9c6b5a9ec94c2, processorArchitecture=MSIL
    Microsoft.SharePoint.Client, Version=14.0.0.0, Culture=neutral, PublicKeyToken=71e9bce111e9429c, processorArchitecture=MSIL
    Microsoft.SharePoint.Client.Runtime, Version=14.0.0.0, Culture=neutral, PublicKeyToken=71e9bce111e9429c, processorArchitecture=MSIL
    Microsoft.SqlServer.ConnectionInfo, Version=11.0.0.0, Culture=neutral, PublicKeyToken=89845dcd8080cc91, processorArchitecture=MSIL
    Microsoft.SqlServer.Management.Sdk.Sfc, Version=11.0.0.0, Culture=neutral, PublicKeyToken=89845dcd8080cc91, processorArchitecture=MSIL
    Microsoft.SqlServer.Smo, Version=11.0.0.0, Culture=neutral, PublicKeyToken=89845dcd8080cc91, processorArchitecture=MSIL
    Microsoft.SqlServer.SmoExtended, Version=11.0.0.0, Culture=neutral, PublicKeyToken=89845dcd8080cc91, processorArchitecture=MSIL
    Microsoft.SqlServer.SqlEnum, Version=11.0.0.0, Culture=neutral, PublicKeyToken=89845dcd8080cc91, processorArchitecture=MSIL
    MongoDB.Bson
    MongoDB.Driver
    Newtonsoft.Json
    Oracle.DataAccess, Version=4.112.3.0, Culture=neutral, PublicKeyToken=89b483f429c47342, processorArchitecture=AMD64
    System.Management.Automation, Version=1.0.0.0, Culture=neutral, PublicKeyToken=31bf3856ad364e35, processorArchitecture=MSIL

Copying XML comments files
    C:\Users\tvass\OneDrive - Sacramento County Office of Education\CNTS-TVASS-WIN\Projects\Galactic\SharedLibraries\Release\Galactic\Galactic.ActiveDirectory.xml -&gt; C:\Users\tvass\OneDrive - Sacramento County Office of Education\CNTS-TVASS-WIN\Projects\Galactic\GalacticDocumentation\GalacticDocumentation\Help\Working\Galactic.ActiveDirectory.xml
    C:\Users\tvass\OneDrive - Sacramento County Office of Education\CNTS-TVASS-WIN\Projects\Galactic\SharedLibraries\Release\Galactic\Galactic.Calendar.iCalendar.xml -&gt; C:\Users\tvass\OneDrive - Sacramento County Office of Education\CNTS-TVASS-WIN\Projects\Galactic\GalacticDocumentation\GalacticDocumentation\Help\Working\Galactic.Calendar.iCalendar.xml
    C:\Users\tvass\OneDrive - Sacramento County Office of Education\CNTS-TVASS-WIN\Projects\Galactic\SharedLibraries\Release\Galactic\Galactic.Calendar.xml -&gt; C:\Users\tvass\OneDrive - Sacramento County Office of Education\CNTS-TVASS-WIN\Projects\Galactic\GalacticDocumentation\GalacticDocumentation\Help\Working\Galactic.Calendar.xml
    C:\Users\tvass\OneDrive - Sacramento County Office of Education\CNTS-TVASS-WIN\Projects\Galactic\SharedLibraries\Release\Galactic\Galactic.Configuration.xml -&gt; C:\Users\tvass\OneDrive - Sacramento County Office of Education\CNTS-TVASS-WIN\Projects\Galactic\GalacticDocumentation\GalacticDocumentation\Help\Working\Galactic.Configuration.xml
    C:\Users\tvass\OneDrive - Sacramento County Office of Education\CNTS-TVASS-WIN\Projects\Galactic\SharedLibraries\Release\Galactic\Galactic.Cryptography.xml -&gt; C:\Users\tvass\OneDrive - Sacramento County Office of Education\CNTS-TVASS-WIN\Projects\Galactic\GalacticDocumentation\GalacticDocumentation\Help\Working\Galactic.Cryptography.xml
    C:\Users\tvass\OneDrive - Sacramento County Office of Education\CNTS-TVASS-WIN\Projects\Galactic\SharedLibraries\Release\Galactic\Galactic.EventLog.Sql.xml -&gt; C:\Users\tvass\OneDrive - Sacramento County Office of Education\CNTS-TVASS-WIN\Projects\Galactic\GalacticDocumentation\GalacticDocumentation\Help\Working\Galactic.EventLog.Sql.xml
    C:\Users\tvass\OneDrive - Sacramento County Office of Education\CNTS-TVASS-WIN\Projects\Galactic\SharedLibraries\Release\Galactic\Galactic.EventLog.xml -&gt; C:\Users\tvass\OneDrive - Sacramento County Office of Education\CNTS-TVASS-WIN\Projects\Galactic\GalacticDocumentation\GalacticDocumentation\Help\Working\Galactic.EventLog.xml
    C:\Users\tvass\OneDrive - Sacramento County Office of Education\CNTS-TVASS-WIN\Projects\Galactic\SharedLibraries\Release\Galactic\Galactic.FileSystem.xml -&gt; C:\Users\tvass\OneDrive - Sacramento County Office of Education\CNTS-TVASS-WIN\Projects\Galactic\GalacticDocumentation\GalacticDocumentation\Help\Working\Galactic.FileSystem.xml
    C:\Users\tvass\OneDrive - Sacramento County Office of Education\CNTS-TVASS-WIN\Projects\Galactic\SharedLibraries\Release\Galactic\Galactic.LDAP.xml -&gt; C:\Users\tvass\OneDrive - Sacramento County Office of Education\CNTS-TVASS-WIN\Projects\Galactic\GalacticDocumentation\GalacticDocumentation\Help\Working\Galactic.LDAP.xml
    C:\Users\tvass\OneDrive - Sacramento County Office of Education\CNTS-TVASS-WIN\Projects\Galactic\SharedLibraries\Release\Galactic\Galactic.NoSql.Couchbase.xml -&gt; C:\Users\tvass\OneDrive - Sacramento County Office of Education\CNTS-TVASS-WIN\Projects\Galactic\GalacticDocumentation\GalacticDocumentation\Help\Working\Galactic.NoSql.Couchbase.xml
    C:\Users\tvass\OneDrive - Sacramento County Office of Education\CNTS-TVASS-WIN\Projects\Galactic\SharedLibraries\Release\Galactic\Galactic.NoSql.xml -&gt; C:\Users\tvass\OneDrive - Sacramento County Office of Education\CNTS-TVASS-WIN\Projects\Galactic\GalacticDocumentation\GalacticDocumentation\Help\Working\Galactic.NoSql.xml
    C:\Users\tvass\OneDrive - Sacramento County Office of Education\CNTS-TVASS-WIN\Projects\Galactic\SharedLibraries\Release\Galactic\Galactic.PowerShell.xml -&gt; C:\Users\tvass\OneDrive - Sacramento County Office of Education\CNTS-TVASS-WIN\Projects\Galactic\GalacticDocumentation\GalacticDocumentation\Help\Working\Galactic.PowerShell.xml
    C:\Users\tvass\OneDrive - Sacramento County Office of Education\CNTS-TVASS-WIN\Projects\Galactic\SharedLibraries\Release\Galactic\Galactic.SharePoint.xml -&gt; C:\Users\tvass\OneDrive - Sacramento County Office of Education\CNTS-TVASS-WIN\Projects\Galactic\GalacticDocumentation\GalacticDocumentation\Help\Working\Galactic.SharePoint.xml
    C:\Users\tvass\OneDrive - Sacramento County Office of Education\CNTS-TVASS-WIN\Projects\Galactic\SharedLibraries\Release\Galactic\Galactic.Sql.MSSql.xml -&gt; C:\Users\tvass\OneDrive - Sacramento County Office of Education\CNTS-TVASS-WIN\Projects\Galactic\GalacticDocumentation\GalacticDocumentation\Help\Working\Galactic.Sql.MSSql.xml
    C:\Users\tvass\OneDrive - Sacramento County Office of Education\CNTS-TVASS-WIN\Projects\Galactic\SharedLibraries\Release\Galactic\Galactic.Sql.Oracle.xml -&gt; C:\Users\tvass\OneDrive - Sacramento County Office of Education\CNTS-TVASS-WIN\Projects\Galactic\GalacticDocumentation\GalacticDocumentation\Help\Working\Galactic.Sql.Oracle.xml
    C:\Users\tvass\OneDrive - Sacramento County Office of Education\CNTS-TVASS-WIN\Projects\Galactic\SharedLibraries\Release\Galactic\Galactic.Sql.xml -&gt; C:\Users\tvass\OneDrive - Sacramento County Office of Education\CNTS-TVASS-WIN\Projects\Galactic\GalacticDocumentation\GalacticDocumentation\Help\Working\Galactic.Sql.xml
    C:\Users\tvass\OneDrive - Sacramento County Office of Education\CNTS-TVASS-WIN\Projects\Galactic\SharedLibraries\Release\Galactic\Galactic.NoSql.MongoDB.xml -&gt; C:\Users\tvass\OneDrive - Sacramento County Office of Education\CNTS-TVASS-WIN\Projects\Galactic\GalacticDocumentation\GalacticDocumentation\Help\Working\Galactic.NoSql.MongoDB.xml
    C:\Users\tvass\OneDrive - Sacramento County Office of Education\CNTS-TVASS-WIN\Projects\Galactic\SharedLibraries\Release\Galactic\Galactic.Web.Security.ActiveDirectory.xml -&gt; C:\Users\tvass\OneDrive - Sacramento County Office of Education\CNTS-TVASS-WIN\Projects\Galactic\GalacticDocumentation\GalacticDocumentation\Help\Working\Galactic.Web.Security.ActiveDirectory.xml
    C:\Users\tvass\OneDrive - Sacramento County Office of Education\CNTS-TVASS-WIN\Projects\Galactic\SharedLibraries\Release\Galactic\Galactic.Web.Security.SimpleMapping.xml -&gt; C:\Users\tvass\OneDrive - Sacramento County Office of Education\CNTS-TVASS-WIN\Projects\Galactic\GalacticDocumentation\GalacticDocumentation\Help\Working\Galactic.Web.Security.SimpleMapping.xml
    C:\Users\tvass\OneDrive - Sacramento County Office of Education\CNTS-TVASS-WIN\Projects\Galactic\SharedLibraries\Release\Galactic\Galactic.Web.Security.SimpleActiveDirectory.xml -&gt; C:\Users\tvass\OneDrive - Sacramento County Office of Education\CNTS-TVASS-WIN\Projects\Galactic\GalacticDocumentation\GalacticDocumentation\Help\Working\Galactic.Web.Security.SimpleActiveDirectory.xml
SHFB: Warning BE0063: &#39;C:\Users\tvass\OneDrive - Sacramento County Office of Education\CNTS-TVASS-WIN\Projects\Galactic\Galactic\Galactic.ActiveDirectory\bin\Debug\Galactic.ActiveDirectory.XML&#39; matches a previously copied comments filename.  The duplicate will be copied to a unique name to preserve the comments it contains.
    C:\Users\tvass\OneDrive - Sacramento County Office of Education\CNTS-TVASS-WIN\Projects\Galactic\Galactic\Galactic.ActiveDirectory\bin\Debug\Galactic.ActiveDirectory.XML -&gt; C:\Users\tvass\OneDrive - Sacramento County Office of Education\CNTS-TVASS-WIN\Projects\Galactic\GalacticDocumentation\GalacticDocumentation\Help\Working\{a6d546cc-2cbb-4cd4-a0fc-0d337f45f99c}
SHFB: Warning BE0063: &#39;C:\Users\tvass\OneDrive - Sacramento County Office of Education\CNTS-TVASS-WIN\Projects\Galactic\Galactic\Galactic.Calendar\bin\Debug\Galactic.Calendar.XML&#39; matches a previously copied comments filename.  The duplicate will be copied to a unique name to preserve the comments it contains.
    C:\Users\tvass\OneDrive - Sacramento County Office of Education\CNTS-TVASS-WIN\Projects\Galactic\Galactic\Galactic.Calendar\bin\Debug\Galactic.Calendar.XML -&gt; C:\Users\tvass\OneDrive - Sacramento County Office of Education\CNTS-TVASS-WIN\Projects\Galactic\GalacticDocumentation\GalacticDocumentation\Help\Working\{b1145d0b-f0be-494c-8bdd-4057b6632ebd}
SHFB: Warning BE0063: &#39;C:\Users\tvass\OneDrive - Sacramento County Office of Education\CNTS-TVASS-WIN\Projects\Galactic\Galactic\Galactic.Calendar.iCalendar\bin\Debug\Galactic.Calendar.iCalendar.XML&#39; matches a previously copied comments filename.  The duplicate will be copied to a unique name to preserve the comments it contains.
    C:\Users\tvass\OneDrive - Sacramento County Office of Education\CNTS-TVASS-WIN\Projects\Galactic\Galactic\Galactic.Calendar.iCalendar\bin\Debug\Galactic.Calendar.iCalendar.XML -&gt; C:\Users\tvass\OneDrive - Sacramento County Office of Education\CNTS-TVASS-WIN\Projects\Galactic\GalacticDocumentation\GalacticDocumentation\Help\Working\{44cd2405-d522-4102-b593-61da9e27e803}
SHFB: Warning BE0063: &#39;C:\Users\tvass\OneDrive - Sacramento County Office of Education\CNTS-TVASS-WIN\Projects\Galactic\Galactic\Galactic.Configuration\bin\Debug\Galactic.Configuration.XML&#39; matches a previously copied comments filename.  The duplicate will be copied to a unique name to preserve the comments it contains.
    C:\Users\tvass\OneDrive - Sacramento County Office of Education\CNTS-TVASS-WIN\Projects\Galactic\Galactic\Galactic.Configuration\bin\Debug\Galactic.Configuration.XML -&gt; C:\Users\tvass\OneDrive - Sacramento County Office of Education\CNTS-TVASS-WIN\Projects\Galactic\GalacticDocumentation\GalacticDocumentation\Help\Working\{62624c4a-7edf-4b0e-b52a-72573576b838}
SHFB: Warning BE0063: &#39;C:\Users\tvass\OneDrive - Sacramento County Office of Education\CNTS-TVASS-WIN\Projects\Galactic\Galactic\Galactic.Cryptography\bin\Debug\Galactic.Cryptography.XML&#39; matches a previously copied comments filename.  The duplicate will be copied to a unique name to preserve the comments it contains.
    C:\Users\tvass\OneDrive - Sacramento County Office of Education\CNTS-TVASS-WIN\Projects\Galactic\Galactic\Galactic.Cryptography\bin\Debug\Galactic.Cryptography.XML -&gt; C:\Users\tvass\OneDrive - Sacramento County Office of Education\CNTS-TVASS-WIN\Projects\Galactic\GalacticDocumentation\GalacticDocumentation\Help\Working\{ce805845-d479-40f2-a8ee-6f71d27ae593}
SHFB: Warning BE0063: &#39;C:\Users\tvass\OneDrive - Sacramento County Office of Education\CNTS-TVASS-WIN\Projects\Galactic\Galactic\Galactic.EventLog\bin\Debug\Galactic.EventLog.XML&#39; matches a previously copied comments filename.  The duplicate will be copied to a unique name to preserve the comments it contains.
    C:\Users\tvass\OneDrive - Sacramento County Office of Education\CNTS-TVASS-WIN\Projects\Galactic\Galactic\Galactic.EventLog\bin\Debug\Galactic.EventLog.XML -&gt; C:\Users\tvass\OneDrive - Sacramento County Office of Education\CNTS-TVASS-WIN\Projects\Galactic\GalacticDocumentation\GalacticDocumentation\Help\Working\{6c7b5759-2e4f-414c-acd8-2300e55ab08b}
SHFB: Warning BE0063: &#39;C:\Users\tvass\OneDrive - Sacramento County Office of Education\CNTS-TVASS-WIN\Projects\Galactic\Galactic\Galactic.EventLog.Sql\bin\Debug\Galactic.EventLog.Sql.XML&#39; matches a previously copied comments filename.  The duplicate will be copied to a unique name to preserve the comments it contains.
    C:\Users\tvass\OneDrive - Sacramento County Office of Education\CNTS-TVASS-WIN\Projects\Galactic\Galactic\Galactic.EventLog.Sql\bin\Debug\Galactic.EventLog.Sql.XML -&gt; C:\Users\tvass\OneDrive - Sacramento County Office of Education\CNTS-TVASS-WIN\Projects\Galactic\GalacticDocumentation\GalacticDocumentation\Help\Working\{1f2c656d-cd6c-4c33-861d-9fce3f07a367}
SHFB: Warning BE0063: &#39;C:\Users\tvass\OneDrive - Sacramento County Office of Education\CNTS-TVASS-WIN\Projects\Galactic\Galactic\Galactic.FileSystem\bin\Debug\Galactic.FileSystem.XML&#39; matches a previously copied comments filename.  The duplicate will be copied to a unique name to preserve the comments it contains.
    C:\Users\tvass\OneDrive - Sacramento County Office of Education\CNTS-TVASS-WIN\Projects\Galactic\Galactic\Galactic.FileSystem\bin\Debug\Galactic.FileSystem.XML -&gt; C:\Users\tvass\OneDrive - Sacramento County Office of Education\CNTS-TVASS-WIN\Projects\Galactic\GalacticDocumentation\GalacticDocumentation\Help\Working\{c44ccc59-4a13-4f98-9dff-2399c0c3ae11}
SHFB: Warning BE0063: &#39;C:\Users\tvass\OneDrive - Sacramento County Office of Education\CNTS-TVASS-WIN\Projects\Galactic\Galactic\Galactic.LDAP\bin\Debug\Galactic.LDAP.XML&#39; matches a previously copied comments filename.  The duplicate will be copied to a unique name to preserve the comments it contains.
    C:\Users\tvass\OneDrive - Sacramento County Office of Education\CNTS-TVASS-WIN\Projects\Galactic\Galactic\Galactic.LDAP\bin\Debug\Galactic.LDAP.XML -&gt; C:\Users\tvass\OneDrive - Sacramento County Office of Education\CNTS-TVASS-WIN\Projects\Galactic\GalacticDocumentation\GalacticDocumentation\Help\Working\{8be54078-8dd0-4c3d-b0e9-702605ac25b4}
SHFB: Warning BE0063: &#39;C:\Users\tvass\OneDrive - Sacramento County Office of Education\CNTS-TVASS-WIN\Projects\Galactic\Galactic\Galactic.NoSql\bin\Debug\Galactic.NoSql.XML&#39; matches a previously copied comments filename.  The duplicate will be copied to a unique name to preserve the comments it contains.
    C:\Users\tvass\OneDrive - Sacramento County Office of Education\CNTS-TVASS-WIN\Projects\Galactic\Galactic\Galactic.NoSql\bin\Debug\Galactic.NoSql.XML -&gt; C:\Users\tvass\OneDrive - Sacramento County Office of Education\CNTS-TVASS-WIN\Projects\Galactic\GalacticDocumentation\GalacticDocumentation\Help\Working\{5c8e2c11-0980-41bc-a754-5225f33d528d}
SHFB: Warning BE0063: &#39;C:\Users\tvass\OneDrive - Sacramento County Office of Education\CNTS-TVASS-WIN\Projects\Galactic\Galactic\Galactic.NoSql.Couchbase\bin\Debug\Galactic.NoSql.Couchbase.XML&#39; matches a previously copied comments filename.  The duplicate will be copied to a unique name to preserve the comments it contains.
    C:\Users\tvass\OneDrive - Sacramento County Office of Education\CNTS-TVASS-WIN\Projects\Galactic\Galactic\Galactic.NoSql.Couchbase\bin\Debug\Galactic.NoSql.Couchbase.XML -&gt; C:\Users\tvass\OneDrive - Sacramento County Office of Education\CNTS-TVASS-WIN\Projects\Galactic\GalacticDocumentation\GalacticDocumentation\Help\Working\{91ac2497-064c-4843-a481-07d4bfe55919}
SHFB: Warning BE0063: &#39;C:\Users\tvass\OneDrive - Sacramento County Office of Education\CNTS-TVASS-WIN\Projects\Galactic\Galactic\Galactic.PowerShell\bin\Debug\Galactic.PowerShell.XML&#39; matches a previously copied comments filename.  The duplicate will be copied to a unique name to preserve the comments it contains.
    C:\Users\tvass\OneDrive - Sacramento County Office of Education\CNTS-TVASS-WIN\Projects\Galactic\Galactic\Galactic.PowerShell\bin\Debug\Galactic.PowerShell.XML -&gt; C:\Users\tvass\OneDrive - Sacramento County Office of Education\CNTS-TVASS-WIN\Projects\Galactic\GalacticDocumentation\GalacticDocumentation\Help\Working\{4d68df4e-fdb2-4f2a-a6cf-6ba7c347ea6f}
SHFB: Warning BE0063: &#39;C:\Users\tvass\OneDrive - Sacramento County Office of Education\CNTS-TVASS-WIN\Projects\Galactic\Galactic\Galactic.SharePoint\bin\Debug\Galactic.SharePoint.XML&#39; matches a previously copied comments filename.  The duplicate will be copied to a unique name to preserve the comments it contains.
    C:\Users\tvass\OneDrive - Sacramento County Office of Education\CNTS-TVASS-WIN\Projects\Galactic\Galactic\Galactic.SharePoint\bin\Debug\Galactic.SharePoint.XML -&gt; C:\Users\tvass\OneDrive - Sacramento County Office of Education\CNTS-TVASS-WIN\Projects\Galactic\GalacticDocumentation\GalacticDocumentation\Help\Working\{1f2bec1e-d1b6-46c0-a295-68c9c09b597f}
SHFB: Warning BE0063: &#39;C:\Users\tvass\OneDrive - Sacramento County Office of Education\CNTS-TVASS-WIN\Projects\Galactic\Galactic\Galactic.Sql\bin\Debug\Galactic.Sql.XML&#39; matches a previously copied comments filename.  The duplicate will be copied to a unique name to preserve the comments it contains.
    C:\Users\tvass\OneDrive - Sacramento County Office of Education\CNTS-TVASS-WIN\Projects\Galactic\Galactic\Galactic.Sql\bin\Debug\Galactic.Sql.XML -&gt; C:\Users\tvass\OneDrive - Sacramento County Office of Education\CNTS-TVASS-WIN\Projects\Galactic\GalacticDocumentation\GalacticDocumentation\Help\Working\{c4d4ffeb-2410-4af1-8767-2bad5b24b1c9}
SHFB: Warning BE0063: &#39;C:\Users\tvass\OneDrive - Sacramento County Office of Education\CNTS-TVASS-WIN\Projects\Galactic\Galactic\Galactic.Sql.MSSql\bin\Debug\Galactic.Sql.MSSql.XML&#39; matches a previously copied comments filename.  The duplicate will be copied to a unique name to preserve the comments it contains.
    C:\Users\tvass\OneDrive - Sacramento County Office of Education\CNTS-TVASS-WIN\Projects\Galactic\Galactic\Galactic.Sql.MSSql\bin\Debug\Galactic.Sql.MSSql.XML -&gt; C:\Users\tvass\OneDrive - Sacramento County Office of Education\CNTS-TVASS-WIN\Projects\Galactic\GalacticDocumentation\GalacticDocumentation\Help\Working\{e66e2539-b631-42ab-ac52-27dd7b347509}
SHFB: Warning BE0063: &#39;C:\Users\tvass\OneDrive - Sacramento County Office of Education\CNTS-TVASS-WIN\Projects\Galactic\Galactic\Galactic.Sql.Oracle\bin\Debug\Galactic.Sql.Oracle.XML&#39; matches a previously copied comments filename.  The duplicate will be copied to a unique name to preserve the comments it contains.
    C:\Users\tvass\OneDrive - Sacramento County Office of Education\CNTS-TVASS-WIN\Projects\Galactic\Galactic\Galactic.Sql.Oracle\bin\Debug\Galactic.Sql.Oracle.XML -&gt; C:\Users\tvass\OneDrive - Sacramento County Office of Education\CNTS-TVASS-WIN\Projects\Galactic\GalacticDocumentation\GalacticDocumentation\Help\Working\{e6ff56a9-24f6-42f0-a93e-8ec1fcafa1e5}
SHFB: Warning BE0063: &#39;C:\Users\tvass\OneDrive - Sacramento County Office of Education\CNTS-TVASS-WIN\Projects\Galactic\Galactic\Galactic.NoSql.MongoDB\bin\Debug\Galactic.NoSql.MongoDB.XML&#39; matches a previously copied comments filename.  The duplicate will be copied to a unique name to preserve the comments it contains.
    C:\Users\tvass\OneDrive - Sacramento County Office of Education\CNTS-TVASS-WIN\Projects\Galactic\Galactic\Galactic.NoSql.MongoDB\bin\Debug\Galactic.NoSql.MongoDB.XML -&gt; C:\Users\tvass\OneDrive - Sacramento County Office of Education\CNTS-TVASS-WIN\Projects\Galactic\GalacticDocumentation\GalacticDocumentation\Help\Working\{4c7be82f-ea12-44e5-8a12-df2832f7ad6a}
SHFB: Warning BE0063: &#39;C:\Users\tvass\OneDrive - Sacramento County Office of Education\CNTS-TVASS-WIN\Projects\Galactic\Galactic\Galactic.Web.Security.SimpleMapping\bin\Debug\Galactic.Web.Security.SimpleMapping.XML&#39; matches a previously copied comments filename.  The duplicate will be copied to a unique name to preserve the comments it contains.
    C:\Users\tvass\OneDrive - Sacramento County Office of Education\CNTS-TVASS-WIN\Projects\Galactic\Galactic\Galactic.Web.Security.SimpleMapping\bin\Debug\Galactic.Web.Security.SimpleMapping.XML -&gt; C:\Users\tvass\OneDrive - Sacramento County Office of Education\CNTS-TVASS-WIN\Projects\Galactic\GalacticDocumentation\GalacticDocumentation\Help\Working\{3a534c42-abc0-4f91-9278-1fb2163e6f20}
SHFB: Warning BE0063: &#39;C:\Users\tvass\OneDrive - Sacramento County Office of Education\CNTS-TVASS-WIN\Projects\Galactic\Galactic\Galactic.Web.Security.ActiveDirectory\bin\Debug\Galactic.Web.Security.ActiveDirectory.XML&#39; matches a previously copied comments filename.  The duplicate will be copied to a unique name to preserve the comments it contains.
    C:\Users\tvass\OneDrive - Sacramento County Office of Education\CNTS-TVASS-WIN\Projects\Galactic\Galactic\Galactic.Web.Security.ActiveDirectory\bin\Debug\Galactic.Web.Security.ActiveDirectory.XML -&gt; C:\Users\tvass\OneDrive - Sacramento County Office of Education\CNTS-TVASS-WIN\Projects\Galactic\GalacticDocumentation\GalacticDocumentation\Help\Working\{b4c0ffe7-10de-454a-881a-af6a1da164fb}
SHFB: Warning BE0063: &#39;C:\Users\tvass\OneDrive - Sacramento County Office of Education\CNTS-TVASS-WIN\Projects\Galactic\Galactic\Galactic.Web.Security.SimpleActiveDirectory\bin\Debug\Galactic.Web.Security.SimpleActiveDirectory.XML&#39; matches a previously copied comments filename.  The duplicate will be copied to a unique name to preserve the comments it contains.
    C:\Users\tvass\OneDrive - Sacramento County Office of Education\CNTS-TVASS-WIN\Projects\Galactic\Galactic\Galactic.Web.Security.SimpleActiveDirectory\bin\Debug\Galactic.Web.Security.SimpleActiveDirectory.XML -&gt; C:\Users\tvass\OneDrive - Sacramento County Office of Education\CNTS-TVASS-WIN\Projects\Galactic\GalacticDocumentation\GalacticDocumentation\Help\Working\{cded7512-a5df-42a7-ad88-143098246315}
</buildStep>
<buildStep step="GenerateSharedContent">
Generating shared content files (en-US, English (United States))...
<plugIn name="Lightweight Website Style" behavior="After" priority="1000">
</plugIn>    Last step completed in 00:00:00.0000
</buildStep>
<buildStep step="GenerateApiFilter">
Generating API filter for MRefBuilder...
    Last step completed in 00:00:00.0313
</buildStep>
<buildStep step="GenerateReflectionInfo">
Generating reflection information...
[C:\Program Files (x86)\Microsoft Visual Studio\2017\Community\MSBuild\15.0\Bin\MSBuild.exe - GenerateRefInfo.proj]
Build started 7/12/2017 10:15:28 AM.
Project &quot;C:\Users\tvass\OneDrive - Sacramento County Office of Education\CNTS-TVASS-WIN\Projects\Galactic\GalacticDocumentation\GalacticDocumentation\Help\Working\GenerateRefInfo.proj&quot; on node 1 (default targets).
PrepareForBuild:
  Creating directory &quot;obj\Debug\&quot;.
GenerateRefInfo:
  MRefBuilder (v2017.5.15.0)
  Copyright c 2006-2017, Microsoft Corporation, All Rights Reserved.
  Portions Copyright c 2006-2016, Eric Woodruff, All Rights Reserved.
  No source code context base path specified.  Source context information is unavailable.
  Loaded 21 assemblies for reflection and 17 dependency assemblies.
  Wrote information on 20 namespaces, 55 types, and 644 members
  Copying file from &quot;reflection.org&quot; to &quot;reflection.all&quot;.
  XslTransform (v2017.5.15.0)
  Copyright c 2006-2017, Microsoft Corporation, All Rights Reserved.
  Portions Copyright c 2006-2016, Eric Woodruff, All Rights Reserved.
  Applying XSL transformation &#39;C:\Program Files (x86)\EWSoftware\Sandcastle Help File Builder\ProductionTransforms\MergeDuplicates.xsl&#39;.
Done Building Project &quot;C:\Users\tvass\OneDrive - Sacramento County Office of Education\CNTS-TVASS-WIN\Projects\Galactic\GalacticDocumentation\GalacticDocumentation\Help\Working\GenerateRefInfo.proj&quot; (default targets).

Build succeeded.

Time Elapsed 00:00:02.96
    Last step completed in 00:00:03.3274
</buildStep>
<buildStep step="TransformReflectionInfo">
Transforming reflection output...
[C:\Program Files (x86)\Microsoft Visual Studio\2017\Community\MSBuild\15.0\Bin\MSBuild.exe - TransformManifest.proj]
Build started 7/12/2017 10:15:31 AM.
Project &quot;C:\Users\tvass\OneDrive - Sacramento County Office of Education\CNTS-TVASS-WIN\Projects\Galactic\GalacticDocumentation\GalacticDocumentation\Help\Working\TransformManifest.proj&quot; on node 1 (default targets).
TransformManifest:
  XslTransform (v2017.5.15.0)
  Copyright c 2006-2017, Microsoft Corporation, All Rights Reserved.
  Portions Copyright c 2006-2016, Eric Woodruff, All Rights Reserved.
  Applying XSL transformation &#39;C:\Program Files (x86)\EWSoftware\Sandcastle Help File Builder\\ProductionTransforms\ApplyVSDocModel.xsl&#39;.
  Copying file from &quot;reflection.xml&quot; to &quot;reflection.nofilenames&quot;.
  XslTransform (v2017.5.15.0)
  Copyright c 2006-2017, Microsoft Corporation, All Rights Reserved.
  Portions Copyright c 2006-2016, Eric Woodruff, All Rights Reserved.
  Applying XSL transformation &#39;C:\Program Files (x86)\EWSoftware\Sandcastle Help File Builder\ProductionTransforms\AddFilenames.xsl&#39;.
  XslTransform (v2017.5.15.0)
  Copyright c 2006-2017, Microsoft Corporation, All Rights Reserved.
  Portions Copyright c 2006-2016, Eric Woodruff, All Rights Reserved.
  Applying XSL transformation &#39;C:\Program Files (x86)\EWSoftware\Sandcastle Help File Builder\ProductionTransforms\ReflectionToManifest.xsl&#39;.
Done Building Project &quot;C:\Users\tvass\OneDrive - Sacramento County Office of Education\CNTS-TVASS-WIN\Projects\Galactic\GalacticDocumentation\GalacticDocumentation\Help\Working\TransformManifest.proj&quot; (default targets).

Build succeeded.

Time Elapsed 00:00:05.30
    Last step completed in 00:00:05.4181
</buildStep>
<buildStep step="GenerateNamespaceSummaries">
Generating namespace summary information...
    Last step completed in 00:00:00.1159
</buildStep>
<buildStep step="CopyConceptualContent">
Copying conceptual content...
Copying standard token shared content file...
Checking for other token files...
Checking for code snippets files...
Copying images and creating the media map file...
Generating conceptual topic files
    Parsing topic file &#39;C:\Users\tvass\OneDrive - Sacramento County Office of Education\CNTS-TVASS-WIN\Projects\Galactic\GalacticDocumentation\GalacticDocumentation\Content\Welcome.aml&#39;
    C:\Users\tvass\OneDrive - Sacramento County Office of Education\CNTS-TVASS-WIN\Projects\Galactic\GalacticDocumentation\GalacticDocumentation\Content\Welcome.aml -&gt; C:\Users\tvass\OneDrive - Sacramento County Office of Education\CNTS-TVASS-WIN\Projects\Galactic\GalacticDocumentation\GalacticDocumentation\Help\Working\ddueXml\1f07f1ee-23f1-4552-8521-9b2b62f7f6f9.xml
    Last step completed in 00:00:00.0156
</buildStep>
<buildStep step="CreateConceptualTopicConfigs">
Creating conceptual topic configuration files...
    Companion files
    _ContentMetadata_.xml
    Merging topic IDs into manifest.xml
    Last step completed in 00:00:00.0156
</buildStep>
<buildStep step="CopyAdditionalContent">
Copying additional content files...
C:\Users\tvass\OneDrive - Sacramento County Office of Education\CNTS-TVASS-WIN\Projects\Galactic\GalacticDocumentation\GalacticDocumentation\icons\GalacticAPIIcon.png -&gt; C:\Users\tvass\OneDrive - Sacramento County Office of Education\CNTS-TVASS-WIN\Projects\Galactic\GalacticDocumentation\GalacticDocumentation\Help\Working\Output\Website\icons\GalacticAPIIcon.png
    Last step completed in 00:00:00.0000
</buildStep>
<buildStep step="MergeTablesOfContents">
Merging conceptual and additional tables of contents...
    Last step completed in 00:00:00.0000
</buildStep>
<buildStep step="GenerateIntermediateTableOfContents">
Generating intermediate table of contents file...
[C:\Program Files (x86)\Microsoft Visual Studio\2017\Community\MSBuild\15.0\Bin\MSBuild.exe - GenerateIntermediateTOC.proj]
Build started 7/12/2017 10:15:37 AM.
Project &quot;C:\Users\tvass\OneDrive - Sacramento County Office of Education\CNTS-TVASS-WIN\Projects\Galactic\GalacticDocumentation\GalacticDocumentation\Help\Working\GenerateIntermediateTOC.proj&quot; on node 1 (default targets).
GenerateIntermediateTOC:
  XslTransform (v2017.5.15.0)
  Copyright c 2006-2017, Microsoft Corporation, All Rights Reserved.
  Portions Copyright c 2006-2016, Eric Woodruff, All Rights Reserved.
  Applying XSL transformation &#39;C:\Program Files (x86)\EWSoftware\Sandcastle Help File Builder\\ProductionTransforms\CreateVSToc.xsl&#39;.
Done Building Project &quot;C:\Users\tvass\OneDrive - Sacramento County Office of Education\CNTS-TVASS-WIN\Projects\Galactic\GalacticDocumentation\GalacticDocumentation\Help\Working\GenerateIntermediateTOC.proj&quot; (default targets).

Build succeeded.

Time Elapsed 00:00:00.12
Generating conceptual content intermediate TOC file...
    Last step completed in 00:00:00.3159
</buildStep>
<buildStep step="CreateBuildAssemblerConfigs">
Creating Sandcastle configuration files...
    sandcastle.config
    Last step completed in 00:00:00.2790
</buildStep>
<buildStep step="MergeCustomConfigs">
Merging custom build component configurations
C:\Users\tvass\OneDrive - Sacramento County Office of Education\CNTS-TVASS-WIN\Projects\Galactic\GalacticDocumentation\GalacticDocumentation\Help\Working\sandcastle.config
  Updating reference topic configurations.
  Updating conceptual topic configurations.
    Removing unused ExampleComponent.
    Last step completed in 00:00:00.0065
</buildStep>
<buildStep step="BuildTopics">
Building help topics...
[C:\Program Files (x86)\Microsoft Visual Studio\2017\Community\MSBuild\15.0\Bin\MSBuild.exe - BuildTopics.proj]
Build started 7/12/2017 10:15:37 AM.
Project &quot;C:\Users\tvass\OneDrive - Sacramento County Office of Education\CNTS-TVASS-WIN\Projects\Galactic\GalacticDocumentation\GalacticDocumentation\Help\Working\BuildTopics.proj&quot; on node 1 (default targets).
BuildTopics:
  BuildAssembler (v2017.5.15.0)
  Copyright c 2006-2017, Microsoft Corporation, All Rights Reserved.
  Portions Copyright c 2006-2016, Eric Woodruff, All Rights Reserved.
  Loading configuration...
  Processing topics...
BuildAssembler : warning : ResolveReferenceLinksComponent: [M:Galactic.NoSql.Couchbase.CouchbaseUtility.#ctor(Couchbase.Configuration.CouchbaseClientConfiguration)] Unknown reference link target &#39;T:Couchbase.Configuration.CouchbaseClientConfiguration&#39;. [C:\Users\tvass\OneDrive - Sacramento County Office of Education\CNTS-TVASS-WIN\Projects\Galactic\GalacticDocumentation\GalacticDocumentation\Help\Working\BuildTopics.proj]
BuildAssembler : warning : ResolveReferenceLinksComponent: [M:Galactic.Sql.Oracle.OracleUtility.LogException(Oracle.DataAccess.Client.OracleException,Galactic.EventLog.EventLog)] Unknown reference link target &#39;T:Oracle.DataAccess.Client.OracleException&#39;. [C:\Users\tvass\OneDrive - Sacramento County Office of Education\CNTS-TVASS-WIN\Projects\Galactic\GalacticDocumentation\GalacticDocumentation\Help\Working\BuildTopics.proj]
  Processed 819 topic(s)
  2 warning(s)
  CopyFromIndexComponent: &quot;metadata&quot; in-memory cache entries used: 1 of 15.
  ResolveArtLinksComponent: Copying media files...
  CopyFromIndexComponent: &quot;reflection&quot; in-memory cache entries used: 15 of 15.
  CopyFromIndexComponent: &quot;comments&quot; in-memory cache entries used: 23 of 30.
  SaveComponent: Waiting for the document writer task to finish (93 Website API file(s) remaining)...
Done Building Project &quot;C:\Users\tvass\OneDrive - Sacramento County Office of Education\CNTS-TVASS-WIN\Projects\Galactic\GalacticDocumentation\GalacticDocumentation\Help\Working\BuildTopics.proj&quot; (default targets).

Build succeeded.

Time Elapsed 00:00:33.46
    Last step completed in 00:00:33.6702
</buildStep>
<buildStep step="CombiningIntermediateTocFiles">
Combining conceptual and API intermediate TOC files...
    Last step completed in 00:00:00.0156
</buildStep>
<buildStep step="ExtractingHtmlInfo">
Extracting HTML info for HTML Help 1 and/or website...
[C:\Program Files (x86)\Microsoft Visual Studio\2017\Community\MSBuild\15.0\Bin\MSBuild.exe - ExtractHtmlInfo.proj]
Sandcastle Help File Builder and Tools, version 2017.5.15.0
Copyright c 2006-2017, Eric Woodruff, All Rights Reserved
E-Mail: Eric@EWoodruff.us

Using LCID &#39;1033&#39;, code page &#39;65001&#39;, encoding charset &#39;UTF-8&#39;.

Processing website files in C:\Users\tvass\OneDrive - Sacramento County Office of Education\CNTS-TVASS-WIN\Projects\Galactic\GalacticDocumentation\GalacticDocumentation\Help\Working\Output\Website
Processed 819 HTML files
Sorting keywords and generating See Also indices
Saving website keyword index to C:\Users\tvass\OneDrive - Sacramento County Office of Education\CNTS-TVASS-WIN\Projects\Galactic\GalacticDocumentation\GalacticDocumentation\Help\Working\WebKI.xml
Saving website table of contents to C:\Users\tvass\OneDrive - Sacramento County Office of Education\CNTS-TVASS-WIN\Projects\Galactic\GalacticDocumentation\GalacticDocumentation\Help\Working\WebTOC.xml
    Last step completed in 00:00:05.9527
</buildStep>
<buildStep step="CopyStandardHelpContent">
Copying standard help content...
C:\Program Files (x86)\EWSoftware\Sandcastle Help File Builder\PresentationStyles\VS2013\icons\AlertCaution.png -&gt; C:\Users\tvass\OneDrive - Sacramento County Office of Education\CNTS-TVASS-WIN\Projects\Galactic\GalacticDocumentation\GalacticDocumentation\Help\Working\Output\Website\icons\AlertCaution.png
C:\Program Files (x86)\EWSoftware\Sandcastle Help File Builder\PresentationStyles\VS2013\icons\AlertNote.png -&gt; C:\Users\tvass\OneDrive - Sacramento County Office of Education\CNTS-TVASS-WIN\Projects\Galactic\GalacticDocumentation\GalacticDocumentation\Help\Working\Output\Website\icons\AlertNote.png
C:\Program Files (x86)\EWSoftware\Sandcastle Help File Builder\PresentationStyles\VS2013\icons\AlertSecurity.png -&gt; C:\Users\tvass\OneDrive - Sacramento County Office of Education\CNTS-TVASS-WIN\Projects\Galactic\GalacticDocumentation\GalacticDocumentation\Help\Working\Output\Website\icons\AlertSecurity.png
C:\Program Files (x86)\EWSoftware\Sandcastle Help File Builder\PresentationStyles\VS2013\icons\CFW.gif -&gt; C:\Users\tvass\OneDrive - Sacramento County Office of Education\CNTS-TVASS-WIN\Projects\Galactic\GalacticDocumentation\GalacticDocumentation\Help\Working\Output\Website\icons\CFW.gif
C:\Program Files (x86)\EWSoftware\Sandcastle Help File Builder\PresentationStyles\VS2013\icons\CodeExample.png -&gt; C:\Users\tvass\OneDrive - Sacramento County Office of Education\CNTS-TVASS-WIN\Projects\Galactic\GalacticDocumentation\GalacticDocumentation\Help\Working\Output\Website\icons\CodeExample.png
C:\Program Files (x86)\EWSoftware\Sandcastle Help File Builder\PresentationStyles\VS2013\icons\favicon.ico -&gt; C:\Users\tvass\OneDrive - Sacramento County Office of Education\CNTS-TVASS-WIN\Projects\Galactic\GalacticDocumentation\GalacticDocumentation\Help\Working\Output\Website\icons\favicon.ico
C:\Program Files (x86)\EWSoftware\Sandcastle Help File Builder\PresentationStyles\VS2013\icons\privclass.gif -&gt; C:\Users\tvass\OneDrive - Sacramento County Office of Education\CNTS-TVASS-WIN\Projects\Galactic\GalacticDocumentation\GalacticDocumentation\Help\Working\Output\Website\icons\privclass.gif
C:\Program Files (x86)\EWSoftware\Sandcastle Help File Builder\PresentationStyles\VS2013\icons\privdelegate.gif -&gt; C:\Users\tvass\OneDrive - Sacramento County Office of Education\CNTS-TVASS-WIN\Projects\Galactic\GalacticDocumentation\GalacticDocumentation\Help\Working\Output\Website\icons\privdelegate.gif
C:\Program Files (x86)\EWSoftware\Sandcastle Help File Builder\PresentationStyles\VS2013\icons\privenumeration.gif -&gt; C:\Users\tvass\OneDrive - Sacramento County Office of Education\CNTS-TVASS-WIN\Projects\Galactic\GalacticDocumentation\GalacticDocumentation\Help\Working\Output\Website\icons\privenumeration.gif
C:\Program Files (x86)\EWSoftware\Sandcastle Help File Builder\PresentationStyles\VS2013\icons\privevent.gif -&gt; C:\Users\tvass\OneDrive - Sacramento County Office of Education\CNTS-TVASS-WIN\Projects\Galactic\GalacticDocumentation\GalacticDocumentation\Help\Working\Output\Website\icons\privevent.gif
C:\Program Files (x86)\EWSoftware\Sandcastle Help File Builder\PresentationStyles\VS2013\icons\privextension.gif -&gt; C:\Users\tvass\OneDrive - Sacramento County Office of Education\CNTS-TVASS-WIN\Projects\Galactic\GalacticDocumentation\GalacticDocumentation\Help\Working\Output\Website\icons\privextension.gif
C:\Program Files (x86)\EWSoftware\Sandcastle Help File Builder\PresentationStyles\VS2013\icons\privfield.gif -&gt; C:\Users\tvass\OneDrive - Sacramento County Office of Education\CNTS-TVASS-WIN\Projects\Galactic\GalacticDocumentation\GalacticDocumentation\Help\Working\Output\Website\icons\privfield.gif
C:\Program Files (x86)\EWSoftware\Sandcastle Help File Builder\PresentationStyles\VS2013\icons\privinterface.gif -&gt; C:\Users\tvass\OneDrive - Sacramento County Office of Education\CNTS-TVASS-WIN\Projects\Galactic\GalacticDocumentation\GalacticDocumentation\Help\Working\Output\Website\icons\privinterface.gif
C:\Program Files (x86)\EWSoftware\Sandcastle Help File Builder\PresentationStyles\VS2013\icons\privmethod.gif -&gt; C:\Users\tvass\OneDrive - Sacramento County Office of Education\CNTS-TVASS-WIN\Projects\Galactic\GalacticDocumentation\GalacticDocumentation\Help\Working\Output\Website\icons\privmethod.gif
C:\Program Files (x86)\EWSoftware\Sandcastle Help File Builder\PresentationStyles\VS2013\icons\privproperty.gif -&gt; C:\Users\tvass\OneDrive - Sacramento County Office of Education\CNTS-TVASS-WIN\Projects\Galactic\GalacticDocumentation\GalacticDocumentation\Help\Working\Output\Website\icons\privproperty.gif
C:\Program Files (x86)\EWSoftware\Sandcastle Help File Builder\PresentationStyles\VS2013\icons\privstructure.gif -&gt; C:\Users\tvass\OneDrive - Sacramento County Office of Education\CNTS-TVASS-WIN\Projects\Galactic\GalacticDocumentation\GalacticDocumentation\Help\Working\Output\Website\icons\privstructure.gif
C:\Program Files (x86)\EWSoftware\Sandcastle Help File Builder\PresentationStyles\VS2013\icons\protclass.gif -&gt; C:\Users\tvass\OneDrive - Sacramento County Office of Education\CNTS-TVASS-WIN\Projects\Galactic\GalacticDocumentation\GalacticDocumentation\Help\Working\Output\Website\icons\protclass.gif
C:\Program Files (x86)\EWSoftware\Sandcastle Help File Builder\PresentationStyles\VS2013\icons\protdelegate.gif -&gt; C:\Users\tvass\OneDrive - Sacramento County Office of Education\CNTS-TVASS-WIN\Projects\Galactic\GalacticDocumentation\GalacticDocumentation\Help\Working\Output\Website\icons\protdelegate.gif
C:\Program Files (x86)\EWSoftware\Sandcastle Help File Builder\PresentationStyles\VS2013\icons\protenumeration.gif -&gt; C:\Users\tvass\OneDrive - Sacramento County Office of Education\CNTS-TVASS-WIN\Projects\Galactic\GalacticDocumentation\GalacticDocumentation\Help\Working\Output\Website\icons\protenumeration.gif
C:\Program Files (x86)\EWSoftware\Sandcastle Help File Builder\PresentationStyles\VS2013\icons\protevent.gif -&gt; C:\Users\tvass\OneDrive - Sacramento County Office of Education\CNTS-TVASS-WIN\Projects\Galactic\GalacticDocumentation\GalacticDocumentation\Help\Working\Output\Website\icons\protevent.gif
C:\Program Files (x86)\EWSoftware\Sandcastle Help File Builder\PresentationStyles\VS2013\icons\protextension.gif -&gt; C:\Users\tvass\OneDrive - Sacramento County Office of Education\CNTS-TVASS-WIN\Projects\Galactic\GalacticDocumentation\GalacticDocumentation\Help\Working\Output\Website\icons\protextension.gif
C:\Program Files (x86)\EWSoftware\Sandcastle Help File Builder\PresentationStyles\VS2013\icons\protfield.gif -&gt; C:\Users\tvass\OneDrive - Sacramento County Office of Education\CNTS-TVASS-WIN\Projects\Galactic\GalacticDocumentation\GalacticDocumentation\Help\Working\Output\Website\icons\protfield.gif
C:\Program Files (x86)\EWSoftware\Sandcastle Help File Builder\PresentationStyles\VS2013\icons\protinterface.gif -&gt; C:\Users\tvass\OneDrive - Sacramento County Office of Education\CNTS-TVASS-WIN\Projects\Galactic\GalacticDocumentation\GalacticDocumentation\Help\Working\Output\Website\icons\protinterface.gif
C:\Program Files (x86)\EWSoftware\Sandcastle Help File Builder\PresentationStyles\VS2013\icons\protmethod.gif -&gt; C:\Users\tvass\OneDrive - Sacramento County Office of Education\CNTS-TVASS-WIN\Projects\Galactic\GalacticDocumentation\GalacticDocumentation\Help\Working\Output\Website\icons\protmethod.gif
C:\Program Files (x86)\EWSoftware\Sandcastle Help File Builder\PresentationStyles\VS2013\icons\protoperator.gif -&gt; C:\Users\tvass\OneDrive - Sacramento County Office of Education\CNTS-TVASS-WIN\Projects\Galactic\GalacticDocumentation\GalacticDocumentation\Help\Working\Output\Website\icons\protoperator.gif
C:\Program Files (x86)\EWSoftware\Sandcastle Help File Builder\PresentationStyles\VS2013\icons\protproperty.gif -&gt; C:\Users\tvass\OneDrive - Sacramento County Office of Education\CNTS-TVASS-WIN\Projects\Galactic\GalacticDocumentation\GalacticDocumentation\Help\Working\Output\Website\icons\protproperty.gif
C:\Program Files (x86)\EWSoftware\Sandcastle Help File Builder\PresentationStyles\VS2013\icons\protstructure.gif -&gt; C:\Users\tvass\OneDrive - Sacramento County Office of Education\CNTS-TVASS-WIN\Projects\Galactic\GalacticDocumentation\GalacticDocumentation\Help\Working\Output\Website\icons\protstructure.gif
C:\Program Files (x86)\EWSoftware\Sandcastle Help File Builder\PresentationStyles\VS2013\icons\pubclass.gif -&gt; C:\Users\tvass\OneDrive - Sacramento County Office of Education\CNTS-TVASS-WIN\Projects\Galactic\GalacticDocumentation\GalacticDocumentation\Help\Working\Output\Website\icons\pubclass.gif
C:\Program Files (x86)\EWSoftware\Sandcastle Help File Builder\PresentationStyles\VS2013\icons\pubdelegate.gif -&gt; C:\Users\tvass\OneDrive - Sacramento County Office of Education\CNTS-TVASS-WIN\Projects\Galactic\GalacticDocumentation\GalacticDocumentation\Help\Working\Output\Website\icons\pubdelegate.gif
C:\Program Files (x86)\EWSoftware\Sandcastle Help File Builder\PresentationStyles\VS2013\icons\pubenumeration.gif -&gt; C:\Users\tvass\OneDrive - Sacramento County Office of Education\CNTS-TVASS-WIN\Projects\Galactic\GalacticDocumentation\GalacticDocumentation\Help\Working\Output\Website\icons\pubenumeration.gif
C:\Program Files (x86)\EWSoftware\Sandcastle Help File Builder\PresentationStyles\VS2013\icons\pubevent.gif -&gt; C:\Users\tvass\OneDrive - Sacramento County Office of Education\CNTS-TVASS-WIN\Projects\Galactic\GalacticDocumentation\GalacticDocumentation\Help\Working\Output\Website\icons\pubevent.gif
C:\Program Files (x86)\EWSoftware\Sandcastle Help File Builder\PresentationStyles\VS2013\icons\pubextension.gif -&gt; C:\Users\tvass\OneDrive - Sacramento County Office of Education\CNTS-TVASS-WIN\Projects\Galactic\GalacticDocumentation\GalacticDocumentation\Help\Working\Output\Website\icons\pubextension.gif
C:\Program Files (x86)\EWSoftware\Sandcastle Help File Builder\PresentationStyles\VS2013\icons\pubfield.gif -&gt; C:\Users\tvass\OneDrive - Sacramento County Office of Education\CNTS-TVASS-WIN\Projects\Galactic\GalacticDocumentation\GalacticDocumentation\Help\Working\Output\Website\icons\pubfield.gif
C:\Program Files (x86)\EWSoftware\Sandcastle Help File Builder\PresentationStyles\VS2013\icons\pubinterface.gif -&gt; C:\Users\tvass\OneDrive - Sacramento County Office of Education\CNTS-TVASS-WIN\Projects\Galactic\GalacticDocumentation\GalacticDocumentation\Help\Working\Output\Website\icons\pubinterface.gif
C:\Program Files (x86)\EWSoftware\Sandcastle Help File Builder\PresentationStyles\VS2013\icons\pubmethod.gif -&gt; C:\Users\tvass\OneDrive - Sacramento County Office of Education\CNTS-TVASS-WIN\Projects\Galactic\GalacticDocumentation\GalacticDocumentation\Help\Working\Output\Website\icons\pubmethod.gif
C:\Program Files (x86)\EWSoftware\Sandcastle Help File Builder\PresentationStyles\VS2013\icons\puboperator.gif -&gt; C:\Users\tvass\OneDrive - Sacramento County Office of Education\CNTS-TVASS-WIN\Projects\Galactic\GalacticDocumentation\GalacticDocumentation\Help\Working\Output\Website\icons\puboperator.gif
C:\Program Files (x86)\EWSoftware\Sandcastle Help File Builder\PresentationStyles\VS2013\icons\pubproperty.gif -&gt; C:\Users\tvass\OneDrive - Sacramento County Office of Education\CNTS-TVASS-WIN\Projects\Galactic\GalacticDocumentation\GalacticDocumentation\Help\Working\Output\Website\icons\pubproperty.gif
C:\Program Files (x86)\EWSoftware\Sandcastle Help File Builder\PresentationStyles\VS2013\icons\pubstructure.gif -&gt; C:\Users\tvass\OneDrive - Sacramento County Office of Education\CNTS-TVASS-WIN\Projects\Galactic\GalacticDocumentation\GalacticDocumentation\Help\Working\Output\Website\icons\pubstructure.gif
C:\Program Files (x86)\EWSoftware\Sandcastle Help File Builder\PresentationStyles\VS2013\icons\SectionCollapsed.png -&gt; C:\Users\tvass\OneDrive - Sacramento County Office of Education\CNTS-TVASS-WIN\Projects\Galactic\GalacticDocumentation\GalacticDocumentation\Help\Working\Output\Website\icons\SectionCollapsed.png
C:\Program Files (x86)\EWSoftware\Sandcastle Help File Builder\PresentationStyles\VS2013\icons\SectionExpanded.png -&gt; C:\Users\tvass\OneDrive - Sacramento County Office of Education\CNTS-TVASS-WIN\Projects\Galactic\GalacticDocumentation\GalacticDocumentation\Help\Working\Output\Website\icons\SectionExpanded.png
C:\Program Files (x86)\EWSoftware\Sandcastle Help File Builder\PresentationStyles\VS2013\icons\slMobile.gif -&gt; C:\Users\tvass\OneDrive - Sacramento County Office of Education\CNTS-TVASS-WIN\Projects\Galactic\GalacticDocumentation\GalacticDocumentation\Help\Working\Output\Website\icons\slMobile.gif
C:\Program Files (x86)\EWSoftware\Sandcastle Help File Builder\PresentationStyles\VS2013\icons\static.gif -&gt; C:\Users\tvass\OneDrive - Sacramento County Office of Education\CNTS-TVASS-WIN\Projects\Galactic\GalacticDocumentation\GalacticDocumentation\Help\Working\Output\Website\icons\static.gif
C:\Program Files (x86)\EWSoftware\Sandcastle Help File Builder\PresentationStyles\VS2013\icons\xna.gif -&gt; C:\Users\tvass\OneDrive - Sacramento County Office of Education\CNTS-TVASS-WIN\Projects\Galactic\GalacticDocumentation\GalacticDocumentation\Help\Working\Output\Website\icons\xna.gif
C:\Program Files (x86)\EWSoftware\Sandcastle Help File Builder\PresentationStyles\VS2013\scripts\branding.js -&gt; C:\Users\tvass\OneDrive - Sacramento County Office of Education\CNTS-TVASS-WIN\Projects\Galactic\GalacticDocumentation\GalacticDocumentation\Help\Working\Output\Website\scripts\branding.js
C:\Program Files (x86)\EWSoftware\Sandcastle Help File Builder\PresentationStyles\VS2013\styles\branding-cs-CZ.css -&gt; C:\Users\tvass\OneDrive - Sacramento County Office of Education\CNTS-TVASS-WIN\Projects\Galactic\GalacticDocumentation\GalacticDocumentation\Help\Working\Output\Website\styles\branding-cs-CZ.css
C:\Program Files (x86)\EWSoftware\Sandcastle Help File Builder\PresentationStyles\VS2013\styles\branding-de-DE.css -&gt; C:\Users\tvass\OneDrive - Sacramento County Office of Education\CNTS-TVASS-WIN\Projects\Galactic\GalacticDocumentation\GalacticDocumentation\Help\Working\Output\Website\styles\branding-de-DE.css
C:\Program Files (x86)\EWSoftware\Sandcastle Help File Builder\PresentationStyles\VS2013\styles\branding-en-US.css -&gt; C:\Users\tvass\OneDrive - Sacramento County Office of Education\CNTS-TVASS-WIN\Projects\Galactic\GalacticDocumentation\GalacticDocumentation\Help\Working\Output\Website\styles\branding-en-US.css
C:\Program Files (x86)\EWSoftware\Sandcastle Help File Builder\PresentationStyles\VS2013\styles\branding-es-ES.css -&gt; C:\Users\tvass\OneDrive - Sacramento County Office of Education\CNTS-TVASS-WIN\Projects\Galactic\GalacticDocumentation\GalacticDocumentation\Help\Working\Output\Website\styles\branding-es-ES.css
C:\Program Files (x86)\EWSoftware\Sandcastle Help File Builder\PresentationStyles\VS2013\styles\branding-fr-FR.css -&gt; C:\Users\tvass\OneDrive - Sacramento County Office of Education\CNTS-TVASS-WIN\Projects\Galactic\GalacticDocumentation\GalacticDocumentation\Help\Working\Output\Website\styles\branding-fr-FR.css
C:\Program Files (x86)\EWSoftware\Sandcastle Help File Builder\PresentationStyles\VS2013\styles\branding-Help1.css -&gt; C:\Users\tvass\OneDrive - Sacramento County Office of Education\CNTS-TVASS-WIN\Projects\Galactic\GalacticDocumentation\GalacticDocumentation\Help\Working\Output\Website\styles\branding-Help1.css
C:\Program Files (x86)\EWSoftware\Sandcastle Help File Builder\PresentationStyles\VS2013\styles\branding-HelpViewer.css -&gt; C:\Users\tvass\OneDrive - Sacramento County Office of Education\CNTS-TVASS-WIN\Projects\Galactic\GalacticDocumentation\GalacticDocumentation\Help\Working\Output\Website\styles\branding-HelpViewer.css
C:\Program Files (x86)\EWSoftware\Sandcastle Help File Builder\PresentationStyles\VS2013\styles\branding-it-IT.css -&gt; C:\Users\tvass\OneDrive - Sacramento County Office of Education\CNTS-TVASS-WIN\Projects\Galactic\GalacticDocumentation\GalacticDocumentation\Help\Working\Output\Website\styles\branding-it-IT.css
C:\Program Files (x86)\EWSoftware\Sandcastle Help File Builder\PresentationStyles\VS2013\styles\branding-ja-JP.css -&gt; C:\Users\tvass\OneDrive - Sacramento County Office of Education\CNTS-TVASS-WIN\Projects\Galactic\GalacticDocumentation\GalacticDocumentation\Help\Working\Output\Website\styles\branding-ja-JP.css
C:\Program Files (x86)\EWSoftware\Sandcastle Help File Builder\PresentationStyles\VS2013\styles\branding-ko-KR.css -&gt; C:\Users\tvass\OneDrive - Sacramento County Office of Education\CNTS-TVASS-WIN\Projects\Galactic\GalacticDocumentation\GalacticDocumentation\Help\Working\Output\Website\styles\branding-ko-KR.css
C:\Program Files (x86)\EWSoftware\Sandcastle Help File Builder\PresentationStyles\VS2013\styles\branding-pl-PL.css -&gt; C:\Users\tvass\OneDrive - Sacramento County Office of Education\CNTS-TVASS-WIN\Projects\Galactic\GalacticDocumentation\GalacticDocumentation\Help\Working\Output\Website\styles\branding-pl-PL.css
C:\Program Files (x86)\EWSoftware\Sandcastle Help File Builder\PresentationStyles\VS2013\styles\branding-pt-BR.css -&gt; C:\Users\tvass\OneDrive - Sacramento County Office of Education\CNTS-TVASS-WIN\Projects\Galactic\GalacticDocumentation\GalacticDocumentation\Help\Working\Output\Website\styles\branding-pt-BR.css
C:\Program Files (x86)\EWSoftware\Sandcastle Help File Builder\PresentationStyles\VS2013\styles\branding-ru-RU.css -&gt; C:\Users\tvass\OneDrive - Sacramento County Office of Education\CNTS-TVASS-WIN\Projects\Galactic\GalacticDocumentation\GalacticDocumentation\Help\Working\Output\Website\styles\branding-ru-RU.css
C:\Program Files (x86)\EWSoftware\Sandcastle Help File Builder\PresentationStyles\VS2013\styles\branding-tr-TR.css -&gt; C:\Users\tvass\OneDrive - Sacramento County Office of Education\CNTS-TVASS-WIN\Projects\Galactic\GalacticDocumentation\GalacticDocumentation\Help\Working\Output\Website\styles\branding-tr-TR.css
C:\Program Files (x86)\EWSoftware\Sandcastle Help File Builder\PresentationStyles\VS2013\styles\branding-Website.css -&gt; C:\Users\tvass\OneDrive - Sacramento County Office of Education\CNTS-TVASS-WIN\Projects\Galactic\GalacticDocumentation\GalacticDocumentation\Help\Working\Output\Website\styles\branding-Website.css
C:\Program Files (x86)\EWSoftware\Sandcastle Help File Builder\PresentationStyles\VS2013\styles\branding-zh-CN.css -&gt; C:\Users\tvass\OneDrive - Sacramento County Office of Education\CNTS-TVASS-WIN\Projects\Galactic\GalacticDocumentation\GalacticDocumentation\Help\Working\Output\Website\styles\branding-zh-CN.css
C:\Program Files (x86)\EWSoftware\Sandcastle Help File Builder\PresentationStyles\VS2013\styles\branding-zh-TW.css -&gt; C:\Users\tvass\OneDrive - Sacramento County Office of Education\CNTS-TVASS-WIN\Projects\Galactic\GalacticDocumentation\GalacticDocumentation\Help\Working\Output\Website\styles\branding-zh-TW.css
C:\Program Files (x86)\EWSoftware\Sandcastle Help File Builder\PresentationStyles\VS2013\styles\branding.css -&gt; C:\Users\tvass\OneDrive - Sacramento County Office of Education\CNTS-TVASS-WIN\Projects\Galactic\GalacticDocumentation\GalacticDocumentation\Help\Working\Output\Website\styles\branding.css
C:\Program Files (x86)\EWSoftware\Sandcastle Help File Builder\PresentationStyles\VS2013\Web\index.html -&gt; C:\Users\tvass\OneDrive - Sacramento County Office of Education\CNTS-TVASS-WIN\Projects\Galactic\GalacticDocumentation\GalacticDocumentation\Help\Working\Output\Website\index.html
C:\Program Files (x86)\EWSoftware\Sandcastle Help File Builder\PresentationStyles\VS2013\Web\search.html -&gt; C:\Users\tvass\OneDrive - Sacramento County Office of Education\CNTS-TVASS-WIN\Projects\Galactic\GalacticDocumentation\GalacticDocumentation\Help\Working\Output\Website\search.html
C:\Program Files (x86)\EWSoftware\Sandcastle Help File Builder\PresentationStyles\VS2013\Web\SearchHelp.aspx -&gt; C:\Users\tvass\OneDrive - Sacramento County Office of Education\CNTS-TVASS-WIN\Projects\Galactic\GalacticDocumentation\GalacticDocumentation\Help\Working\Output\Website\SearchHelp.aspx
C:\Program Files (x86)\EWSoftware\Sandcastle Help File Builder\PresentationStyles\VS2013\Web\SearchHelp.inc.php -&gt; C:\Users\tvass\OneDrive - Sacramento County Office of Education\CNTS-TVASS-WIN\Projects\Galactic\GalacticDocumentation\GalacticDocumentation\Help\Working\Output\Website\SearchHelp.inc.php
C:\Program Files (x86)\EWSoftware\Sandcastle Help File Builder\PresentationStyles\VS2013\Web\SearchHelp.php -&gt; C:\Users\tvass\OneDrive - Sacramento County Office of Education\CNTS-TVASS-WIN\Projects\Galactic\GalacticDocumentation\GalacticDocumentation\Help\Working\Output\Website\SearchHelp.php
C:\Program Files (x86)\EWSoftware\Sandcastle Help File Builder\PresentationStyles\VS2013\Web\Web.Config -&gt; C:\Users\tvass\OneDrive - Sacramento County Office of Education\CNTS-TVASS-WIN\Projects\Galactic\GalacticDocumentation\GalacticDocumentation\Help\Working\Output\Website\Web.Config
C:\Program Files (x86)\EWSoftware\Sandcastle Help File Builder\PresentationStyles\VS2013\Web\html\GeneralError.htm -&gt; C:\Users\tvass\OneDrive - Sacramento County Office of Education\CNTS-TVASS-WIN\Projects\Galactic\GalacticDocumentation\GalacticDocumentation\Help\Working\Output\Website\html\GeneralError.htm
C:\Program Files (x86)\EWSoftware\Sandcastle Help File Builder\PresentationStyles\VS2013\Web\html\PageNotFound.htm -&gt; C:\Users\tvass\OneDrive - Sacramento County Office of Education\CNTS-TVASS-WIN\Projects\Galactic\GalacticDocumentation\GalacticDocumentation\Help\Working\Output\Website\html\PageNotFound.htm
C:\Program Files (x86)\EWSoftware\Sandcastle Help File Builder\PresentationStyles\VS2013\Web\icons\Search.png -&gt; C:\Users\tvass\OneDrive - Sacramento County Office of Education\CNTS-TVASS-WIN\Projects\Galactic\GalacticDocumentation\GalacticDocumentation\Help\Working\Output\Website\icons\Search.png
C:\Program Files (x86)\EWSoftware\Sandcastle Help File Builder\PresentationStyles\VS2013\Web\icons\TocClose.gif -&gt; C:\Users\tvass\OneDrive - Sacramento County Office of Education\CNTS-TVASS-WIN\Projects\Galactic\GalacticDocumentation\GalacticDocumentation\Help\Working\Output\Website\icons\TocClose.gif
C:\Program Files (x86)\EWSoftware\Sandcastle Help File Builder\PresentationStyles\VS2013\Web\icons\TocCollapsed.gif -&gt; C:\Users\tvass\OneDrive - Sacramento County Office of Education\CNTS-TVASS-WIN\Projects\Galactic\GalacticDocumentation\GalacticDocumentation\Help\Working\Output\Website\icons\TocCollapsed.gif
C:\Program Files (x86)\EWSoftware\Sandcastle Help File Builder\PresentationStyles\VS2013\Web\icons\TocExpanded.gif -&gt; C:\Users\tvass\OneDrive - Sacramento County Office of Education\CNTS-TVASS-WIN\Projects\Galactic\GalacticDocumentation\GalacticDocumentation\Help\Working\Output\Website\icons\TocExpanded.gif
C:\Program Files (x86)\EWSoftware\Sandcastle Help File Builder\PresentationStyles\VS2013\Web\icons\TocOpen.gif -&gt; C:\Users\tvass\OneDrive - Sacramento County Office of Education\CNTS-TVASS-WIN\Projects\Galactic\GalacticDocumentation\GalacticDocumentation\Help\Working\Output\Website\icons\TocOpen.gif
C:\Program Files (x86)\EWSoftware\Sandcastle Help File Builder\PresentationStyles\VS2013\Web\scripts\branding-Website.js -&gt; C:\Users\tvass\OneDrive - Sacramento County Office of Education\CNTS-TVASS-WIN\Projects\Galactic\GalacticDocumentation\GalacticDocumentation\Help\Working\Output\Website\scripts\branding-Website.js
C:\Program Files (x86)\EWSoftware\Sandcastle Help File Builder\PresentationStyles\VS2013\Web\scripts\clipboard.min.js -&gt; C:\Users\tvass\OneDrive - Sacramento County Office of Education\CNTS-TVASS-WIN\Projects\Galactic\GalacticDocumentation\GalacticDocumentation\Help\Working\Output\Website\scripts\clipboard.min.js
C:\Program Files (x86)\EWSoftware\Sandcastle Help File Builder\PresentationStyles\VS2013\Web\scripts\jquery-1.11.0.min.js -&gt; C:\Users\tvass\OneDrive - Sacramento County Office of Education\CNTS-TVASS-WIN\Projects\Galactic\GalacticDocumentation\GalacticDocumentation\Help\Working\Output\Website\scripts\jquery-1.11.0.min.js
    Last step completed in 00:00:00.6701
</buildStep>
<buildStep step="GenerateHelpFormatTableOfContents">
Generating website table of contents file...
    Last step completed in 00:00:00.0000
</buildStep>
<buildStep step="GenerateFullTextIndex">
Generating full-text index for the website...

<plugIn name="Lightweight Website Style" behavior="After" priority="1000">
Adding lightweight search and TOC elements to each topic...
</plugIn>    Last step completed in 00:00:05.4631
</buildStep>
<buildStep step="CopyingWebsiteFiles">
Copying website files to output folder...

Copied 500 files
Copied 1000 files
Copied 1130 files for the website content
    Last step completed in 00:00:02.1951
</buildStep>
<buildStep step="CleanIntermediates">
Removing intermediate files...
    Last step completed in 00:00:00.5226
</buildStep>
<buildStep step="Completed">

Build completed successfully at 7/12/2017 10:16:26 AM.  Total time: 00:01:01.0302

</buildStep>
</shfbBuild>
